[0.008s] Invoking command in '/home/yk/ros2_ws/src/real_nemo/build/real_nemo': CMAKE_PREFIX_PATH=${CMAKE_PREFIX_PATH}:/opt/ros/iron /usr/bin/cmake --build /home/yk/ros2_ws/src/real_nemo/build/real_nemo -- -j16 -l16
[0.047s] [35m[1mConsolidate compiler generated dependencies of target turtlebot_controller[0m
[0.051s] [ 50%] Built target cpp_node
[0.058s] [ 75%] [32mBuilding CXX object CMakeFiles/turtlebot_controller.dir/src/turtlebot_controller.cpp.o[0m
[5.136s] [100%] [32m[1mLinking CXX executable turtlebot_controller[0m
[5.424s] [100%] Built target turtlebot_controller
[5.440s] Invoked command in '/home/yk/ros2_ws/src/real_nemo/build/real_nemo' returned '0': CMAKE_PREFIX_PATH=${CMAKE_PREFIX_PATH}:/opt/ros/iron /usr/bin/cmake --build /home/yk/ros2_ws/src/real_nemo/build/real_nemo -- -j16 -l16
[5.489s] Invoking command in '/home/yk/ros2_ws/src/real_nemo/build/real_nemo': CMAKE_PREFIX_PATH=${CMAKE_PREFIX_PATH}:/opt/ros/iron /usr/bin/cmake --install /home/yk/ros2_ws/src/real_nemo/build/real_nemo
[5.494s] -- Install configuration: ""
[5.494s] -- Up-to-date: /home/yk/ros2_ws/src/real_nemo/install/real_nemo/lib/real_nemo/cpp_node
[5.494s] -- Installing: /home/yk/ros2_ws/src/real_nemo/install/real_nemo/lib/real_nemo/turtlebot_controller
[5.498s] -- Set runtime path of "/home/yk/ros2_ws/src/real_nemo/install/real_nemo/lib/real_nemo/turtlebot_controller" to ""
[5.498s] -- Up-to-date: /home/yk/ros2_ws/src/real_nemo/install/real_nemo/share/real_nemo/launch
[5.498s] -- Up-to-date: /home/yk/ros2_ws/src/real_nemo/install/real_nemo/share/real_nemo/launch/turtlebot_control_launch.py
[5.498s] -- Up-to-date: /home/yk/ros2_ws/src/real_nemo/install/real_nemo/share/ament_index/resource_index/package_run_dependencies/real_nemo
[5.498s] -- Up-to-date: /home/yk/ros2_ws/src/real_nemo/install/real_nemo/share/ament_index/resource_index/parent_prefix_path/real_nemo
[5.498s] -- Up-to-date: /home/yk/ros2_ws/src/real_nemo/install/real_nemo/share/real_nemo/environment/ament_prefix_path.sh
[5.498s] -- Up-to-date: /home/yk/ros2_ws/src/real_nemo/install/real_nemo/share/real_nemo/environment/ament_prefix_path.dsv
[5.498s] -- Up-to-date: /home/yk/ros2_ws/src/real_nemo/install/real_nemo/share/real_nemo/environment/path.sh
[5.498s] -- Up-to-date: /home/yk/ros2_ws/src/real_nemo/install/real_nemo/share/real_nemo/environment/path.dsv
[5.498s] -- Up-to-date: /home/yk/ros2_ws/src/real_nemo/install/real_nemo/share/real_nemo/local_setup.bash
[5.498s] -- Up-to-date: /home/yk/ros2_ws/src/real_nemo/install/real_nemo/share/real_nemo/local_setup.sh
[5.498s] -- Up-to-date: /home/yk/ros2_ws/src/real_nemo/install/real_nemo/share/real_nemo/local_setup.zsh
[5.498s] -- Up-to-date: /home/yk/ros2_ws/src/real_nemo/install/real_nemo/share/real_nemo/local_setup.dsv
[5.498s] -- Installing: /home/yk/ros2_ws/src/real_nemo/install/real_nemo/share/real_nemo/package.dsv
[5.499s] -- Up-to-date: /home/yk/ros2_ws/src/real_nemo/install/real_nemo/share/ament_index/resource_index/packages/real_nemo
[5.499s] -- Up-to-date: /home/yk/ros2_ws/src/real_nemo/install/real_nemo/share/real_nemo/cmake/real_nemoConfig.cmake
[5.499s] -- Up-to-date: /home/yk/ros2_ws/src/real_nemo/install/real_nemo/share/real_nemo/cmake/real_nemoConfig-version.cmake
[5.499s] -- Up-to-date: /home/yk/ros2_ws/src/real_nemo/install/real_nemo/share/real_nemo/package.xml
[5.500s] Invoked command in '/home/yk/ros2_ws/src/real_nemo/build/real_nemo' returned '0': CMAKE_PREFIX_PATH=${CMAKE_PREFIX_PATH}:/opt/ros/iron /usr/bin/cmake --install /home/yk/ros2_ws/src/real_nemo/build/real_nemo
