[0.007s] Invoking command in '/home/yk/ros2_ws/src/real_nemo/build/real_nemo': CMAKE_PREFIX_PATH=${CMAKE_PREFIX_PATH}:/opt/ros/iron /usr/bin/cmake --build /home/yk/ros2_ws/src/real_nemo/build/real_nemo -- -j16 -l16
[0.045s] [ 50%] Built target cpp_node
[0.049s] [100%] Built target turtlebot_controller
[0.061s] Invoked command in '/home/yk/ros2_ws/src/real_nemo/build/real_nemo' returned '0': CMAKE_PREFIX_PATH=${CMAKE_PREFIX_PATH}:/opt/ros/iron /usr/bin/cmake --build /home/yk/ros2_ws/src/real_nemo/build/real_nemo -- -j16 -l16
[0.097s] Invoking command in '/home/yk/ros2_ws/src/real_nemo/build/real_nemo': CMAKE_PREFIX_PATH=${CMAKE_PREFIX_PATH}:/opt/ros/iron /usr/bin/cmake --install /home/yk/ros2_ws/src/real_nemo/build/real_nemo
[0.105s] -- Install configuration: ""
[0.105s] -- Up-to-date: /home/yk/ros2_ws/src/real_nemo/install/real_nemo/lib/real_nemo/cpp_node
[0.105s] -- Up-to-date: /home/yk/ros2_ws/src/real_nemo/install/real_nemo/lib/real_nemo/turtlebot_controller
[0.105s] -- Up-to-date: /home/yk/ros2_ws/src/real_nemo/install/real_nemo/share/real_nemo/launch
[0.105s] -- Up-to-date: /home/yk/ros2_ws/src/real_nemo/install/real_nemo/share/real_nemo/launch/turtlebot_control_launch.py
[0.105s] -- Up-to-date: /home/yk/ros2_ws/src/real_nemo/install/real_nemo/share/ament_index/resource_index/package_run_dependencies/real_nemo
[0.106s] -- Up-to-date: /home/yk/ros2_ws/src/real_nemo/install/real_nemo/share/ament_index/resource_index/parent_prefix_path/real_nemo
[0.106s] -- Up-to-date: /home/yk/ros2_ws/src/real_nemo/install/real_nemo/share/real_nemo/environment/ament_prefix_path.sh
[0.106s] -- Up-to-date: /home/yk/ros2_ws/src/real_nemo/install/real_nemo/share/real_nemo/environment/ament_prefix_path.dsv
[0.106s] -- Up-to-date: /home/yk/ros2_ws/src/real_nemo/install/real_nemo/share/real_nemo/environment/path.sh
[0.106s] -- Up-to-date: /home/yk/ros2_ws/src/real_nemo/install/real_nemo/share/real_nemo/environment/path.dsv
[0.106s] -- Up-to-date: /home/yk/ros2_ws/src/real_nemo/install/real_nemo/share/real_nemo/local_setup.bash
[0.106s] -- Up-to-date: /home/yk/ros2_ws/src/real_nemo/install/real_nemo/share/real_nemo/local_setup.sh
[0.106s] -- Up-to-date: /home/yk/ros2_ws/src/real_nemo/install/real_nemo/share/real_nemo/local_setup.zsh
[0.106s] -- Up-to-date: /home/yk/ros2_ws/src/real_nemo/install/real_nemo/share/real_nemo/local_setup.dsv
[0.106s] -- Installing: /home/yk/ros2_ws/src/real_nemo/install/real_nemo/share/real_nemo/package.dsv
[0.106s] -- Up-to-date: /home/yk/ros2_ws/src/real_nemo/install/real_nemo/share/ament_index/resource_index/packages/real_nemo
[0.106s] -- Up-to-date: /home/yk/ros2_ws/src/real_nemo/install/real_nemo/share/real_nemo/cmake/real_nemoConfig.cmake
[0.106s] -- Up-to-date: /home/yk/ros2_ws/src/real_nemo/install/real_nemo/share/real_nemo/cmake/real_nemoConfig-version.cmake
[0.106s] -- Up-to-date: /home/yk/ros2_ws/src/real_nemo/install/real_nemo/share/real_nemo/package.xml
[0.108s] Invoked command in '/home/yk/ros2_ws/src/real_nemo/build/real_nemo' returned '0': CMAKE_PREFIX_PATH=${CMAKE_PREFIX_PATH}:/opt/ros/iron /usr/bin/cmake --install /home/yk/ros2_ws/src/real_nemo/build/real_nemo
