[0.069s] DEBUG:colcon:Command line arguments: ['/usr/bin/colcon', 'build']
[0.069s] DEBUG:colcon:Parsed command line arguments: Namespace(log_base=None, log_level=None, verb_name='build', build_base='build', install_base='install', merge_install=False, symlink_install=False, test_result_base=None, continue_on_error=False, executor='parallel', parallel_workers=16, event_handlers=None, ignore_user_meta=False, metas=['./colcon.meta'], base_paths=['.'], packages_ignore=None, packages_ignore_regex=None, paths=None, packages_up_to=None, packages_up_to_regex=None, packages_above=None, packages_above_and_dependencies=None, packages_above_depth=None, packages_select_by_dep=None, packages_skip_by_dep=None, packages_skip_up_to=None, packages_select_build_failed=False, packages_skip_build_finished=False, packages_select_test_failures=False, packages_skip_test_passed=False, packages_select=None, packages_skip=None, packages_select_regex=None, packages_skip_regex=None, packages_start=None, packages_end=None, allow_overriding=[], cmake_args=None, cmake_target=None, cmake_target_skip_unavailable=False, cmake_clean_cache=False, cmake_clean_first=False, cmake_force_configure=False, ament_cmake_args=None, catkin_cmake_args=None, catkin_skip_building_tests=False, mixin_files=None, mixin=None, verb_parser=<colcon_mixin.mixin.mixin_argument.MixinArgumentDecorator object at 0x7c35bcbadd50>, verb_extension=<colcon_core.verb.build.BuildVerb object at 0x7c35bccc2470>, main=<bound method BuildVerb.main of <colcon_core.verb.build.BuildVerb object at 0x7c35bccc2470>>, mixin_verb=('build',))
[0.163s] Level 1:colcon.colcon_core.package_discovery:discover_packages(colcon_meta) check parameters
[0.164s] Level 1:colcon.colcon_core.package_discovery:discover_packages(recursive) check parameters
[0.164s] Level 1:colcon.colcon_core.package_discovery:discover_packages(ignore) check parameters
[0.164s] Level 1:colcon.colcon_core.package_discovery:discover_packages(path) check parameters
[0.164s] Level 1:colcon.colcon_core.package_discovery:discover_packages(colcon_meta) discover
[0.164s] Level 1:colcon.colcon_core.package_discovery:discover_packages(recursive) discover
[0.164s] INFO:colcon.colcon_core.package_discovery:Crawling recursively for packages in '/home/yk/ros2_ws/src/real_nemo'
[0.164s] Level 1:colcon.colcon_core.package_identification:_identify(.) by extensions ['ignore', 'ignore_ament_install']
[0.164s] Level 1:colcon.colcon_core.package_identification:_identify(.) by extension 'ignore'
[0.164s] Level 1:colcon.colcon_core.package_identification:_identify(.) by extension 'ignore_ament_install'
[0.164s] Level 1:colcon.colcon_core.package_identification:_identify(.) by extensions ['colcon_pkg']
[0.164s] Level 1:colcon.colcon_core.package_identification:_identify(.) by extension 'colcon_pkg'
[0.164s] Level 1:colcon.colcon_core.package_identification:_identify(.) by extensions ['colcon_meta']
[0.164s] Level 1:colcon.colcon_core.package_identification:_identify(.) by extension 'colcon_meta'
[0.164s] Level 1:colcon.colcon_core.package_identification:_identify(.) by extensions ['ros']
[0.164s] Level 1:colcon.colcon_core.package_identification:_identify(.) by extension 'ros'
[0.174s] DEBUG:colcon.colcon_core.package_identification:Package '.' with type 'ros.ament_cmake' and name 'real_nemo'
[0.174s] Level 1:colcon.colcon_core.package_discovery:discover_packages(recursive) using defaults
[0.174s] Level 1:colcon.colcon_core.package_discovery:discover_packages(ignore) discover
[0.174s] Level 1:colcon.colcon_core.package_discovery:discover_packages(ignore) using defaults
[0.174s] Level 1:colcon.colcon_core.package_discovery:discover_packages(path) discover
[0.174s] Level 1:colcon.colcon_core.package_discovery:discover_packages(path) using defaults
[0.187s] Level 1:colcon.colcon_core.package_discovery:discover_packages(prefix_path) check parameters
[0.187s] Level 1:colcon.colcon_core.package_discovery:discover_packages(prefix_path) discover
[0.188s] DEBUG:colcon.colcon_installed_package_information.package_discovery:Found 6 installed packages in /home/yk/ros2_ws/install
[0.189s] DEBUG:colcon.colcon_installed_package_information.package_discovery:Found 281 installed packages in /opt/ros/iron
[0.197s] Level 1:colcon.colcon_core.package_discovery:discover_packages(prefix_path) using defaults
[0.222s] Level 5:colcon.colcon_core.verb:set package 'real_nemo' build argument 'cmake_args' from command line to 'None'
[0.222s] Level 5:colcon.colcon_core.verb:set package 'real_nemo' build argument 'cmake_target' from command line to 'None'
[0.222s] Level 5:colcon.colcon_core.verb:set package 'real_nemo' build argument 'cmake_target_skip_unavailable' from command line to 'False'
[0.222s] Level 5:colcon.colcon_core.verb:set package 'real_nemo' build argument 'cmake_clean_cache' from command line to 'False'
[0.222s] Level 5:colcon.colcon_core.verb:set package 'real_nemo' build argument 'cmake_clean_first' from command line to 'False'
[0.222s] Level 5:colcon.colcon_core.verb:set package 'real_nemo' build argument 'cmake_force_configure' from command line to 'False'
[0.222s] Level 5:colcon.colcon_core.verb:set package 'real_nemo' build argument 'ament_cmake_args' from command line to 'None'
[0.222s] Level 5:colcon.colcon_core.verb:set package 'real_nemo' build argument 'catkin_cmake_args' from command line to 'None'
[0.222s] Level 5:colcon.colcon_core.verb:set package 'real_nemo' build argument 'catkin_skip_building_tests' from command line to 'False'
[0.222s] DEBUG:colcon.colcon_core.verb:Building package 'real_nemo' with the following arguments: {'ament_cmake_args': None, 'build_base': '/home/yk/ros2_ws/src/real_nemo/build/real_nemo', 'catkin_cmake_args': None, 'catkin_skip_building_tests': False, 'cmake_args': None, 'cmake_clean_cache': False, 'cmake_clean_first': False, 'cmake_force_configure': False, 'cmake_target': None, 'cmake_target_skip_unavailable': False, 'install_base': '/home/yk/ros2_ws/src/real_nemo/install/real_nemo', 'merge_install': False, 'path': '/home/yk/ros2_ws/src/real_nemo', 'symlink_install': False, 'test_result_base': None}
[0.222s] INFO:colcon.colcon_core.executor:Executing jobs using 'parallel' executor
[0.223s] DEBUG:colcon.colcon_parallel_executor.executor.parallel:run_until_complete
[0.223s] INFO:colcon.colcon_ros.task.ament_cmake.build:Building ROS package in '/home/yk/ros2_ws/src/real_nemo' with build type 'ament_cmake'
[0.223s] INFO:colcon.colcon_cmake.task.cmake.build:Building CMake package in '/home/yk/ros2_ws/src/real_nemo'
[0.224s] INFO:colcon.colcon_core.plugin_system:Skipping extension 'colcon_core.shell.bat': Not used on non-Windows systems
[0.225s] INFO:colcon.colcon_core.shell:Skip shell extension 'powershell' for command environment: Not usable outside of PowerShell
[0.225s] DEBUG:colcon.colcon_core.shell:Skip shell extension 'dsv' for command environment
[0.231s] DEBUG:colcon.colcon_core.event_handler.log_command:Invoking command in '/home/yk/ros2_ws/src/real_nemo/build/real_nemo': CMAKE_PREFIX_PATH=${CMAKE_PREFIX_PATH}:/opt/ros/iron /usr/bin/cmake --build /home/yk/ros2_ws/src/real_nemo/build/real_nemo -- -j16 -l16
[0.284s] DEBUG:colcon.colcon_core.event_handler.log_command:Invoked command in '/home/yk/ros2_ws/src/real_nemo/build/real_nemo' returned '0': CMAKE_PREFIX_PATH=${CMAKE_PREFIX_PATH}:/opt/ros/iron /usr/bin/cmake --build /home/yk/ros2_ws/src/real_nemo/build/real_nemo -- -j16 -l16
[0.321s] DEBUG:colcon.colcon_core.event_handler.log_command:Invoking command in '/home/yk/ros2_ws/src/real_nemo/build/real_nemo': CMAKE_PREFIX_PATH=${CMAKE_PREFIX_PATH}:/opt/ros/iron /usr/bin/cmake --install /home/yk/ros2_ws/src/real_nemo/build/real_nemo
[0.331s] Level 1:colcon.colcon_core.environment:create_environment_scripts_only(real_nemo)
[0.332s] DEBUG:colcon.colcon_core.event_handler.log_command:Invoked command in '/home/yk/ros2_ws/src/real_nemo/build/real_nemo' returned '0': CMAKE_PREFIX_PATH=${CMAKE_PREFIX_PATH}:/opt/ros/iron /usr/bin/cmake --install /home/yk/ros2_ws/src/real_nemo/build/real_nemo
[0.334s] Level 1:colcon.colcon_core.environment:checking '/home/yk/ros2_ws/src/real_nemo/install/real_nemo' for CMake module files
[0.335s] Level 1:colcon.colcon_core.environment:checking '/home/yk/ros2_ws/src/real_nemo/install/real_nemo' for CMake config files
[0.335s] Level 1:colcon.colcon_core.shell:create_environment_hook('real_nemo', 'cmake_prefix_path')
[0.336s] INFO:colcon.colcon_core.shell:Creating environment hook '/home/yk/ros2_ws/src/real_nemo/install/real_nemo/share/real_nemo/hook/cmake_prefix_path.ps1'
[0.337s] INFO:colcon.colcon_core.shell:Creating environment descriptor '/home/yk/ros2_ws/src/real_nemo/install/real_nemo/share/real_nemo/hook/cmake_prefix_path.dsv'
[0.337s] INFO:colcon.colcon_core.shell:Creating environment hook '/home/yk/ros2_ws/src/real_nemo/install/real_nemo/share/real_nemo/hook/cmake_prefix_path.sh'
[0.338s] Level 1:colcon.colcon_core.environment:checking '/home/yk/ros2_ws/src/real_nemo/install/real_nemo/lib'
[0.338s] Level 1:colcon.colcon_core.environment:checking '/home/yk/ros2_ws/src/real_nemo/install/real_nemo/bin'
[0.339s] Level 1:colcon.colcon_core.environment:checking '/home/yk/ros2_ws/src/real_nemo/install/real_nemo/lib/pkgconfig/real_nemo.pc'
[0.339s] Level 1:colcon.colcon_core.environment:checking '/home/yk/ros2_ws/src/real_nemo/install/real_nemo/lib/python3.10/site-packages'
[0.339s] Level 1:colcon.colcon_core.environment:checking '/home/yk/ros2_ws/src/real_nemo/install/real_nemo/bin'
[0.340s] INFO:colcon.colcon_core.shell:Creating package script '/home/yk/ros2_ws/src/real_nemo/install/real_nemo/share/real_nemo/package.ps1'
[0.340s] INFO:colcon.colcon_core.shell:Creating package descriptor '/home/yk/ros2_ws/src/real_nemo/install/real_nemo/share/real_nemo/package.dsv'
[0.341s] INFO:colcon.colcon_core.shell:Creating package script '/home/yk/ros2_ws/src/real_nemo/install/real_nemo/share/real_nemo/package.sh'
[0.342s] INFO:colcon.colcon_core.shell:Creating package script '/home/yk/ros2_ws/src/real_nemo/install/real_nemo/share/real_nemo/package.bash'
[0.342s] INFO:colcon.colcon_core.shell:Creating package script '/home/yk/ros2_ws/src/real_nemo/install/real_nemo/share/real_nemo/package.zsh'
[0.343s] Level 1:colcon.colcon_core.environment:create_file_with_runtime_dependencies(/home/yk/ros2_ws/src/real_nemo/install/real_nemo/share/colcon-core/packages/real_nemo)
[0.372s] Level 1:colcon.colcon_core.environment:create_environment_scripts_only(real_nemo)
[0.372s] Level 1:colcon.colcon_core.environment:checking '/home/yk/ros2_ws/src/real_nemo/install/real_nemo' for CMake module files
[0.373s] Level 1:colcon.colcon_core.environment:checking '/home/yk/ros2_ws/src/real_nemo/install/real_nemo' for CMake config files
[0.373s] Level 1:colcon.colcon_core.shell:create_environment_hook('real_nemo', 'cmake_prefix_path')
[0.374s] INFO:colcon.colcon_core.shell:Creating environment hook '/home/yk/ros2_ws/src/real_nemo/install/real_nemo/share/real_nemo/hook/cmake_prefix_path.ps1'
[0.374s] INFO:colcon.colcon_core.shell:Creating environment descriptor '/home/yk/ros2_ws/src/real_nemo/install/real_nemo/share/real_nemo/hook/cmake_prefix_path.dsv'
[0.375s] INFO:colcon.colcon_core.shell:Creating environment hook '/home/yk/ros2_ws/src/real_nemo/install/real_nemo/share/real_nemo/hook/cmake_prefix_path.sh'
[0.375s] Level 1:colcon.colcon_core.environment:checking '/home/yk/ros2_ws/src/real_nemo/install/real_nemo/lib'
[0.375s] Level 1:colcon.colcon_core.environment:checking '/home/yk/ros2_ws/src/real_nemo/install/real_nemo/bin'
[0.376s] Level 1:colcon.colcon_core.environment:checking '/home/yk/ros2_ws/src/real_nemo/install/real_nemo/lib/pkgconfig/real_nemo.pc'
[0.376s] Level 1:colcon.colcon_core.environment:checking '/home/yk/ros2_ws/src/real_nemo/install/real_nemo/lib/python3.10/site-packages'
[0.376s] Level 1:colcon.colcon_core.environment:checking '/home/yk/ros2_ws/src/real_nemo/install/real_nemo/bin'
[0.377s] INFO:colcon.colcon_core.shell:Creating package script '/home/yk/ros2_ws/src/real_nemo/install/real_nemo/share/real_nemo/package.ps1'
[0.377s] INFO:colcon.colcon_core.shell:Creating package descriptor '/home/yk/ros2_ws/src/real_nemo/install/real_nemo/share/real_nemo/package.dsv'
[0.378s] INFO:colcon.colcon_core.shell:Creating package script '/home/yk/ros2_ws/src/real_nemo/install/real_nemo/share/real_nemo/package.sh'
[0.378s] INFO:colcon.colcon_core.shell:Creating package script '/home/yk/ros2_ws/src/real_nemo/install/real_nemo/share/real_nemo/package.bash'
[0.378s] INFO:colcon.colcon_core.shell:Creating package script '/home/yk/ros2_ws/src/real_nemo/install/real_nemo/share/real_nemo/package.zsh'
[0.379s] Level 1:colcon.colcon_core.environment:create_file_with_runtime_dependencies(/home/yk/ros2_ws/src/real_nemo/install/real_nemo/share/colcon-core/packages/real_nemo)
[0.379s] DEBUG:colcon.colcon_parallel_executor.executor.parallel:closing loop
[0.379s] DEBUG:colcon.colcon_parallel_executor.executor.parallel:loop closed
[0.379s] DEBUG:colcon.colcon_parallel_executor.executor.parallel:run_until_complete finished with '0'
[0.379s] DEBUG:colcon.colcon_core.event_reactor:joining thread
[0.385s] INFO:colcon.colcon_core.plugin_system:Skipping extension 'colcon_notification.desktop_notification.terminal_notifier': Not used on non-Darwin systems
[0.385s] INFO:colcon.colcon_core.plugin_system:Skipping extension 'colcon_notification.desktop_notification.win32': Not used on non-Windows systems
[0.385s] INFO:colcon.colcon_notification.desktop_notification:Sending desktop notification using 'notify2'
[0.398s] DEBUG:colcon.colcon_core.event_reactor:joined thread
[0.399s] INFO:colcon.colcon_core.shell:Creating prefix script '/home/yk/ros2_ws/src/real_nemo/install/local_setup.ps1'
[0.400s] INFO:colcon.colcon_core.shell:Creating prefix util module '/home/yk/ros2_ws/src/real_nemo/install/_local_setup_util_ps1.py'
[0.400s] INFO:colcon.colcon_core.shell:Creating prefix chain script '/home/yk/ros2_ws/src/real_nemo/install/setup.ps1'
[0.401s] INFO:colcon.colcon_core.shell:Creating prefix script '/home/yk/ros2_ws/src/real_nemo/install/local_setup.sh'
[0.402s] INFO:colcon.colcon_core.shell:Creating prefix util module '/home/yk/ros2_ws/src/real_nemo/install/_local_setup_util_sh.py'
[0.402s] INFO:colcon.colcon_core.shell:Creating prefix chain script '/home/yk/ros2_ws/src/real_nemo/install/setup.sh'
[0.403s] INFO:colcon.colcon_core.shell:Creating prefix script '/home/yk/ros2_ws/src/real_nemo/install/local_setup.bash'
[0.403s] INFO:colcon.colcon_core.shell:Creating prefix chain script '/home/yk/ros2_ws/src/real_nemo/install/setup.bash'
[0.404s] INFO:colcon.colcon_core.shell:Creating prefix script '/home/yk/ros2_ws/src/real_nemo/install/local_setup.zsh'
[0.405s] INFO:colcon.colcon_core.shell:Creating prefix chain script '/home/yk/ros2_ws/src/real_nemo/install/setup.zsh'
