[0.007s] Invoking command in '/home/yk/ros2_ws/src/real_nemo/build/real_nemo': CMAKE_PREFIX_PATH=${CMAKE_PREFIX_PATH}:/opt/ros/iron /usr/bin/cmake --build /home/yk/ros2_ws/src/real_nemo/build/real_nemo -- -j16 -l16
[0.040s] [35m[1mConsolidate compiler generated dependencies of target turtlebot_controller[0m
[0.045s] [ 50%] Built target cpp_node
[0.053s] [ 75%] [32mBuilding CXX object CMakeFiles/turtlebot_controller.dir/src/turtlebot_controller.cpp.o[0m
[5.194s] [100%] [32m[1mLinking CXX executable turtlebot_controller[0m
[5.512s] [100%] Built target turtlebot_controller
[5.527s] Invoked command in '/home/yk/ros2_ws/src/real_nemo/build/real_nemo' returned '0': CMAKE_PREFIX_PATH=${CMAKE_PREFIX_PATH}:/opt/ros/iron /usr/bin/cmake --build /home/yk/ros2_ws/src/real_nemo/build/real_nemo -- -j16 -l16
[5.572s] Invoking command in '/home/yk/ros2_ws/src/real_nemo/build/real_nemo': CMAKE_PREFIX_PATH=${CMAKE_PREFIX_PATH}:/opt/ros/iron /usr/bin/cmake --install /home/yk/ros2_ws/src/real_nemo/build/real_nemo
[5.581s] -- Install configuration: ""
[5.581s] -- Installing: /home/yk/ros2_ws/src/real_nemo/install/real_nemo/lib/real_nemo/cpp_node
[5.581s] -- Installing: /home/yk/ros2_ws/src/real_nemo/install/real_nemo/lib/real_nemo/turtlebot_controller
[5.586s] -- Set runtime path of "/home/yk/ros2_ws/src/real_nemo/install/real_nemo/lib/real_nemo/turtlebot_controller" to ""
[5.587s] -- Installing: /home/yk/ros2_ws/src/real_nemo/install/real_nemo/share/real_nemo/launch
[5.587s] -- Installing: /home/yk/ros2_ws/src/real_nemo/install/real_nemo/share/real_nemo/launch/turtlebot_control_launch.py
[5.587s] -- Installing: /home/yk/ros2_ws/src/real_nemo/install/real_nemo/share/ament_index/resource_index/package_run_dependencies/real_nemo
[5.587s] -- Installing: /home/yk/ros2_ws/src/real_nemo/install/real_nemo/share/ament_index/resource_index/parent_prefix_path/real_nemo
[5.587s] -- Installing: /home/yk/ros2_ws/src/real_nemo/install/real_nemo/share/real_nemo/environment/ament_prefix_path.sh
[5.587s] -- Installing: /home/yk/ros2_ws/src/real_nemo/install/real_nemo/share/real_nemo/environment/ament_prefix_path.dsv
[5.587s] -- Installing: /home/yk/ros2_ws/src/real_nemo/install/real_nemo/share/real_nemo/environment/path.sh
[5.588s] -- Installing: /home/yk/ros2_ws/src/real_nemo/install/real_nemo/share/real_nemo/environment/path.dsv
[5.588s] -- Installing: /home/yk/ros2_ws/src/real_nemo/install/real_nemo/share/real_nemo/local_setup.bash
[5.588s] -- Installing: /home/yk/ros2_ws/src/real_nemo/install/real_nemo/share/real_nemo/local_setup.sh
[5.588s] -- Installing: /home/yk/ros2_ws/src/real_nemo/install/real_nemo/share/real_nemo/local_setup.zsh
[5.588s] -- Installing: /home/yk/ros2_ws/src/real_nemo/install/real_nemo/share/real_nemo/local_setup.dsv
[5.588s] -- Installing: /home/yk/ros2_ws/src/real_nemo/install/real_nemo/share/real_nemo/package.dsv
[5.589s] -- Installing: /home/yk/ros2_ws/src/real_nemo/install/real_nemo/share/ament_index/resource_index/packages/real_nemo
[5.589s] -- Installing: /home/yk/ros2_ws/src/real_nemo/install/real_nemo/share/real_nemo/cmake/real_nemoConfig.cmake
[5.589s] -- Installing: /home/yk/ros2_ws/src/real_nemo/install/real_nemo/share/real_nemo/cmake/real_nemoConfig-version.cmake
[5.589s] -- Installing: /home/yk/ros2_ws/src/real_nemo/install/real_nemo/share/real_nemo/package.xml
[5.589s] Invoked command in '/home/yk/ros2_ws/src/real_nemo/build/real_nemo' returned '0': CMAKE_PREFIX_PATH=${CMAKE_PREFIX_PATH}:/opt/ros/iron /usr/bin/cmake --install /home/yk/ros2_ws/src/real_nemo/build/real_nemo
