-- Found ament_cmake: 2.0.6 (/opt/ros/iron/share/ament_cmake/cmake)
-- Found rclcpp: 21.0.7 (/opt/ros/iron/share/rclcpp/cmake)
-- Found rosidl_generator_c: 4.0.1 (/opt/ros/iron/share/rosidl_generator_c/cmake)
-- Found rosidl_generator_cpp: 4.0.1 (/opt/ros/iron/share/rosidl_generator_cpp/cmake)
-- Using all available rosidl_typesupport_c: rosidl_typesupport_fastrtps_c;rosidl_typesupport_introspection_c
-- Using all available rosidl_typesupport_cpp: rosidl_typesupport_fastrtps_cpp;rosidl_typesupport_introspection_cpp
-- Found rmw_implementation_cmake: 7.1.0 (/opt/ros/iron/share/rmw_implementation_cmake/cmake)
-- Found rmw_fastrtps_cpp: 7.1.4 (/opt/ros/iron/share/rmw_fastrtps_cpp/cmake)
-- Using RMW implementation 'rmw_fastrtps_cpp' as default
-- Found std_msgs: 5.0.1 (/opt/ros/iron/share/std_msgs/cmake)
-- Found example_interfaces: 0.10.2 (/opt/ros/iron/share/example_interfaces/cmake)
-- Found geometry_msgs: 5.0.1 (/opt/ros/iron/share/geometry_msgs/cmake)
-- Found turtlesim: 1.6.1 (/home/yk/ros2_ws/install/turtlesim/share/turtlesim/cmake)
-- Found ament_lint_auto: 0.14.4 (/opt/ros/iron/share/ament_lint_auto/cmake)
-- Added test 'cppcheck' to perform static code analysis on C / C++ code
-- Configured cppcheck include dirs: $<BUILD_INTERFACE:/home/yk/ros2_ws/src/real_nemo/include>
-- Configured cppcheck exclude dirs and/or files: 
-- Added test 'flake8' to check Python code syntax and style conventions
-- Configured 'flake8' exclude dirs and/or files: 
-- Added test 'lint_cmake' to check CMake code style
-- Added test 'pep257' to check Python code against some of the docstring style conventions in PEP 257
-- Added test 'uncrustify' to check C / C++ code style
-- Configured uncrustify additional arguments: 
-- Added test 'xmllint' to check XML markup files
-- Configuring done
-- Generating done
-- Build files have been written to: /home/yk/ros2_ws/src/real_nemo/build/real_nemo
[35m[1mConsolidate compiler generated dependencies of target cpp_node[0m
[35m[1mConsolidate compiler generated dependencies of target turtlebot_controller[0m
[ 50%] Built target cpp_node
[ 75%] [32mBuilding CXX object CMakeFiles/turtlebot_controller.dir/src/turtlebot_controller.cpp.o[0m
[01m[K/home/yk/ros2_ws/src/real_nemo/src/turtlebot_controller.cpp:[m[K In member function ‘[01m[Kvoid TurtlebotController::timer_callback()[m[K’:
[01m[K/home/yk/ros2_ws/src/real_nemo/src/turtlebot_controller.cpp:59:16:[m[K [01;35m[Kwarning: [m[Kunused variable ‘[01m[Kreal_d[m[K’ [[01;35m[K]8;;https://gcc.gnu.org/onlinedocs/gcc/Warning-Options.html#index-Wunused-variable-Wunused-variable]8;;[m[K]
   59 |         double [01;35m[Kreal_d[m[K = sqrt(d_x * d_x + d_y * d_y);
      |                [01;35m[K^~~~~~[m[K
[01m[K/home/yk/ros2_ws/src/real_nemo/src/turtlebot_controller.cpp:64:16:[m[K [01;35m[Kwarning: [m[K‘[01m[Kerror_d[m[K’ may be used uninitialized [[01;35m[K]8;;https://gcc.gnu.org/onlinedocs/gcc/Warning-Options.html#index-Wmaybe-uninitialized-Wmaybe-uninitialized]8;;[m[K]
   64 |         double [01;35m[Kerror_d[m[K = goal_d - error_d;
      |                [01;35m[K^~~~~~~[m[K
[100%] [32m[1mLinking CXX executable turtlebot_controller[0m
[100%] Built target turtlebot_controller
-- Install configuration: ""
-- Up-to-date: /home/yk/ros2_ws/src/real_nemo/install/real_nemo/lib/real_nemo/cpp_node
-- Installing: /home/yk/ros2_ws/src/real_nemo/install/real_nemo/lib/real_nemo/turtlebot_controller
-- Set runtime path of "/home/yk/ros2_ws/src/real_nemo/install/real_nemo/lib/real_nemo/turtlebot_controller" to ""
-- Up-to-date: /home/yk/ros2_ws/src/real_nemo/install/real_nemo/share/real_nemo/launch
-- Up-to-date: /home/yk/ros2_ws/src/real_nemo/install/real_nemo/share/real_nemo/launch/turtlebot_control_launch.py
-- Up-to-date: /home/yk/ros2_ws/src/real_nemo/install/real_nemo/share/ament_index/resource_index/package_run_dependencies/real_nemo
-- Installing: /home/yk/ros2_ws/src/real_nemo/install/real_nemo/share/ament_index/resource_index/parent_prefix_path/real_nemo
-- Up-to-date: /home/yk/ros2_ws/src/real_nemo/install/real_nemo/share/real_nemo/environment/ament_prefix_path.sh
-- Up-to-date: /home/yk/ros2_ws/src/real_nemo/install/real_nemo/share/real_nemo/environment/ament_prefix_path.dsv
-- Up-to-date: /home/yk/ros2_ws/src/real_nemo/install/real_nemo/share/real_nemo/environment/path.sh
-- Up-to-date: /home/yk/ros2_ws/src/real_nemo/install/real_nemo/share/real_nemo/environment/path.dsv
-- Up-to-date: /home/yk/ros2_ws/src/real_nemo/install/real_nemo/share/real_nemo/local_setup.bash
-- Up-to-date: /home/yk/ros2_ws/src/real_nemo/install/real_nemo/share/real_nemo/local_setup.sh
-- Up-to-date: /home/yk/ros2_ws/src/real_nemo/install/real_nemo/share/real_nemo/local_setup.zsh
-- Up-to-date: /home/yk/ros2_ws/src/real_nemo/install/real_nemo/share/real_nemo/local_setup.dsv
-- Installing: /home/yk/ros2_ws/src/real_nemo/install/real_nemo/share/real_nemo/package.dsv
-- Up-to-date: /home/yk/ros2_ws/src/real_nemo/install/real_nemo/share/ament_index/resource_index/packages/real_nemo
-- Up-to-date: /home/yk/ros2_ws/src/real_nemo/install/real_nemo/share/real_nemo/cmake/real_nemoConfig.cmake
-- Up-to-date: /home/yk/ros2_ws/src/real_nemo/install/real_nemo/share/real_nemo/cmake/real_nemoConfig-version.cmake
-- Installing: /home/yk/ros2_ws/src/real_nemo/install/real_nemo/share/real_nemo/package.xml
