[0.007s] Invoking command in '/home/yk/ros2_ws/src/real_nemo/build/real_nemo': CMAKE_PREFIX_PATH=${CMAKE_PREFIX_PATH}:/opt/ros/iron /usr/bin/cmake --build /home/yk/ros2_ws/src/real_nemo/build/real_nemo -- -j16 -l16
[0.024s] -- Found ament_cmake: 2.0.6 (/opt/ros/iron/share/ament_cmake/cmake)
[0.130s] -- Found rclcpp: 21.0.7 (/opt/ros/iron/share/rclcpp/cmake)
[0.152s] -- Found rosidl_generator_c: 4.0.1 (/opt/ros/iron/share/rosidl_generator_c/cmake)
[0.158s] -- Found rosidl_generator_cpp: 4.0.1 (/opt/ros/iron/share/rosidl_generator_cpp/cmake)
[0.167s] -- Using all available rosidl_typesupport_c: rosidl_typesupport_fastrtps_c;rosidl_typesupport_introspection_c
[0.177s] -- Using all available rosidl_typesupport_cpp: rosidl_typesupport_fastrtps_cpp;rosidl_typesupport_introspection_cpp
[0.281s] -- Found rmw_implementation_cmake: 7.1.0 (/opt/ros/iron/share/rmw_implementation_cmake/cmake)
[0.282s] -- Found rmw_fastrtps_cpp: 7.1.4 (/opt/ros/iron/share/rmw_fastrtps_cpp/cmake)
[0.363s] -- Using RMW implementation 'rmw_fastrtps_cpp' as default
[0.474s] -- Found std_msgs: 5.0.1 (/opt/ros/iron/share/std_msgs/cmake)
[0.495s] -- Found example_interfaces: 0.10.2 (/opt/ros/iron/share/example_interfaces/cmake)
[0.625s] -- Found geometry_msgs: 5.0.1 (/opt/ros/iron/share/geometry_msgs/cmake)
[0.652s] -- Found turtlesim: 1.6.1 (/home/yk/ros2_ws/install/turtlesim/share/turtlesim/cmake)
[0.705s] -- Found ament_lint_auto: 0.14.4 (/opt/ros/iron/share/ament_lint_auto/cmake)
[0.756s] -- Added test 'cppcheck' to perform static code analysis on C / C++ code
[0.756s] -- Configured cppcheck include dirs: $<BUILD_INTERFACE:/home/yk/ros2_ws/src/real_nemo/include>
[0.756s] -- Configured cppcheck exclude dirs and/or files: 
[0.757s] -- Added test 'flake8' to check Python code syntax and style conventions
[0.757s] -- Configured 'flake8' exclude dirs and/or files: 
[0.759s] -- Added test 'lint_cmake' to check CMake code style
[0.760s] -- Added test 'pep257' to check Python code against some of the docstring style conventions in PEP 257
[0.765s] -- Added test 'uncrustify' to check C / C++ code style
[0.765s] -- Configured uncrustify additional arguments: 
[0.766s] -- Added test 'xmllint' to check XML markup files
[0.766s] -- Configuring done
[0.774s] -- Generating done
[0.775s] -- Build files have been written to: /home/yk/ros2_ws/src/real_nemo/build/real_nemo
[0.793s] [35m[1mConsolidate compiler generated dependencies of target cpp_node[0m
[0.794s] [35m[1mConsolidate compiler generated dependencies of target turtlebot_controller[0m
[0.800s] [ 50%] Built target cpp_node
[0.806s] [ 75%] [32mBuilding CXX object CMakeFiles/turtlebot_controller.dir/src/turtlebot_controller.cpp.o[0m
[2.571s] [01m[K/home/yk/ros2_ws/src/real_nemo/src/turtlebot_controller.cpp:[m[K In member function ‘[01m[Kvoid TurtlebotController::timer_callback()[m[K’:
[2.571s] [01m[K/home/yk/ros2_ws/src/real_nemo/src/turtlebot_controller.cpp:59:16:[m[K [01;35m[Kwarning: [m[Kunused variable ‘[01m[Kreal_d[m[K’ [[01;35m[K]8;;https://gcc.gnu.org/onlinedocs/gcc/Warning-Options.html#index-Wunused-variable-Wunused-variable]8;;[m[K]
[2.571s]    59 |         double [01;35m[Kreal_d[m[K = sqrt(d_x * d_x + d_y * d_y);
[2.571s]       |                [01;35m[K^~~~~~[m[K
[4.080s] [01m[K/home/yk/ros2_ws/src/real_nemo/src/turtlebot_controller.cpp:64:16:[m[K [01;35m[Kwarning: [m[K‘[01m[Kerror_d[m[K’ may be used uninitialized [[01;35m[K]8;;https://gcc.gnu.org/onlinedocs/gcc/Warning-Options.html#index-Wmaybe-uninitialized-Wmaybe-uninitialized]8;;[m[K]
[4.080s]    64 |         double [01;35m[Kerror_d[m[K = goal_d - error_d;
[4.080s]       |                [01;35m[K^~~~~~~[m[K
[5.902s] [100%] [32m[1mLinking CXX executable turtlebot_controller[0m
[6.199s] [100%] Built target turtlebot_controller
[6.215s] Invoked command in '/home/yk/ros2_ws/src/real_nemo/build/real_nemo' returned '0': CMAKE_PREFIX_PATH=${CMAKE_PREFIX_PATH}:/opt/ros/iron /usr/bin/cmake --build /home/yk/ros2_ws/src/real_nemo/build/real_nemo -- -j16 -l16
[6.242s] Invoking command in '/home/yk/ros2_ws/src/real_nemo/build/real_nemo': CMAKE_PREFIX_PATH=${CMAKE_PREFIX_PATH}:/opt/ros/iron /usr/bin/cmake --install /home/yk/ros2_ws/src/real_nemo/build/real_nemo
[6.248s] -- Install configuration: ""
[6.248s] -- Up-to-date: /home/yk/ros2_ws/src/real_nemo/install/real_nemo/lib/real_nemo/cpp_node
[6.248s] -- Installing: /home/yk/ros2_ws/src/real_nemo/install/real_nemo/lib/real_nemo/turtlebot_controller
[6.251s] -- Set runtime path of "/home/yk/ros2_ws/src/real_nemo/install/real_nemo/lib/real_nemo/turtlebot_controller" to ""
[6.252s] -- Up-to-date: /home/yk/ros2_ws/src/real_nemo/install/real_nemo/share/real_nemo/launch
[6.252s] -- Up-to-date: /home/yk/ros2_ws/src/real_nemo/install/real_nemo/share/real_nemo/launch/turtlebot_control_launch.py
[6.252s] -- Up-to-date: /home/yk/ros2_ws/src/real_nemo/install/real_nemo/share/ament_index/resource_index/package_run_dependencies/real_nemo
[6.252s] -- Installing: /home/yk/ros2_ws/src/real_nemo/install/real_nemo/share/ament_index/resource_index/parent_prefix_path/real_nemo
[6.252s] -- Up-to-date: /home/yk/ros2_ws/src/real_nemo/install/real_nemo/share/real_nemo/environment/ament_prefix_path.sh
[6.252s] -- Up-to-date: /home/yk/ros2_ws/src/real_nemo/install/real_nemo/share/real_nemo/environment/ament_prefix_path.dsv
[6.252s] -- Up-to-date: /home/yk/ros2_ws/src/real_nemo/install/real_nemo/share/real_nemo/environment/path.sh
[6.252s] -- Up-to-date: /home/yk/ros2_ws/src/real_nemo/install/real_nemo/share/real_nemo/environment/path.dsv
[6.252s] -- Up-to-date: /home/yk/ros2_ws/src/real_nemo/install/real_nemo/share/real_nemo/local_setup.bash
[6.252s] -- Up-to-date: /home/yk/ros2_ws/src/real_nemo/install/real_nemo/share/real_nemo/local_setup.sh
[6.253s] -- Up-to-date: /home/yk/ros2_ws/src/real_nemo/install/real_nemo/share/real_nemo/local_setup.zsh
[6.253s] -- Up-to-date: /home/yk/ros2_ws/src/real_nemo/install/real_nemo/share/real_nemo/local_setup.dsv
[6.253s] -- Installing: /home/yk/ros2_ws/src/real_nemo/install/real_nemo/share/real_nemo/package.dsv
[6.254s] -- Up-to-date: /home/yk/ros2_ws/src/real_nemo/install/real_nemo/share/ament_index/resource_index/packages/real_nemo
[6.254s] -- Up-to-date: /home/yk/ros2_ws/src/real_nemo/install/real_nemo/share/real_nemo/cmake/real_nemoConfig.cmake
[6.254s] -- Up-to-date: /home/yk/ros2_ws/src/real_nemo/install/real_nemo/share/real_nemo/cmake/real_nemoConfig-version.cmake
[6.255s] -- Installing: /home/yk/ros2_ws/src/real_nemo/install/real_nemo/share/real_nemo/package.xml
[6.255s] Invoked command in '/home/yk/ros2_ws/src/real_nemo/build/real_nemo' returned '0': CMAKE_PREFIX_PATH=${CMAKE_PREFIX_PATH}:/opt/ros/iron /usr/bin/cmake --install /home/yk/ros2_ws/src/real_nemo/build/real_nemo
